<?xml version="1.0" encoding="UTF-8"?>
<!-- Generated by org.testng.reporters.JUnitReportReporter -->
<testsuite hostname="Dhairya" failures="0" tests="1" name="Login" time="28.068" errors="0" timestamp="2024-02-08T12:09:58 IST" skipped="0">
  <testcase classname="Login" name="login" time="28.068"/>
  <system-out/>
</testsuite> <!-- Login -->
