<?xml version="1.0" encoding="UTF-8"?>
<!-- Generated by org.testng.reporters.JUnitReportReporter -->
<testsuite hostname="Dhairya" failures="0" tests="1" name="SeleniumTest" time="42.913" errors="0" timestamp="2024-02-07T16:27:44 IST" skipped="0">
  <testcase classname="SeleniumTest" name="login" time="42.913"/>
  <system-out/>
</testsuite> <!-- SeleniumTest -->
